#
# There is insufficient memory for the Java Runtime Environment to continue.
# Native memory allocation (malloc) failed to allocate 1048576 bytes for AllocateHeap
# Possible reasons:
#   The system is out of physical RAM or swap space
#   In 32 bit mode, the process size limit was hit
# Possible solutions:
#   Reduce memory load on the system
#   Increase physical memory or swap space
#   Check if swap backing store is full
#   Use 64 bit Java on a 64 bit OS
#   Decrease Java heap size (-Xmx/-Xms)
#   Decrease number of Java threads
#   Decrease Java thread stack sizes (-Xss)
#   Set larger code cache with -XX:ReservedCodeCacheSize=
# This output file may be truncated or incomplete.
#
#  Out of Memory Error (memory/allocation.inline.hpp:61), pid=8244, tid=12512
#
# JRE version:  (8.0_65-b17) (build )
# Java VM: Java HotSpot(TM) 64-Bit Server VM (25.65-b01 mixed mode windows-amd64 compressed oops)
# Failed to write core dump. Minidumps are not enabled by default on client versions of Windows
#

---------------  T H R E A D  ---------------

Current thread (0x0000000001f4e000):  JavaThread "Unknown thread" [_thread_in_vm, id=12512, stack(0x0000000001e20000,0x0000000001f20000)]

Stack: [0x0000000001e20000,0x0000000001f20000]
[error occurred during error reporting (printing stack bounds), id 0xc0000005]

Native frames: (J=compiled Java code, j=interpreted, Vv=VM code, C=native code)


---------------  P R O C E S S  ---------------

Java Threads: ( => current thread )

Other Threads:

=>0x0000000001f4e000 (exited) JavaThread "Unknown thread" [_thread_in_vm, id=12512, stack(0x0000000001e20000,0x0000000001f20000)]

VM state:not at safepoint (normal execution)

VM Mutex/Monitor currently owned by a thread: None

Heap:
 PSYoungGen      total 24064K, used 419K [0x00000000eab00000, 0x00000000ec580000, 0x0000000100000000)
  eden space 20992K, 2% used [0x00000000eab00000,0x00000000eab68f68,0x00000000ebf80000)
  from space 3072K, 0% used [0x00000000ec280000,0x00000000ec280000,0x00000000ec580000)
  to   space 3072K, 0% used [0x00000000ebf80000,0x00000000ebf80000,0x00000000ec280000)
 ParOldGen       total 54784K, used 0K [0x00000000c0000000, 0x00000000c3580000, 0x00000000eab00000)
  object space 54784K, 0% used [0x00000000c0000000,0x00000000c0000000,0x00000000c3580000)
 Metaspace       used 767K, capacity 4480K, committed 4480K, reserved 1056768K
  class space    used 75K, capacity 384K, committed 384K, reserved 1048576K

Card table byte_map: [0x00000000114c0000,0x00000000116d0000] byte_map_base: 0x0000000010ec0000

Marking Bits: (ParMarkBitMap*) 0x00000000753ca5b0
 Begin Bits: [0x0000000011c30000, 0x0000000012c30000)
 End Bits:   [0x0000000012c30000, 0x0000000013c30000)

Polling page: 0x0000000001f20000

CodeCache: size=245760Kb used=327Kb max_used=327Kb free=245432Kb
 bounds [0x0000000002100000, 0x0000000002370000, 0x0000000011100000]
 total_blobs=56 nmethods=0 adapters=37
 compilation: enabled

Compilation events (0 events):
No events

GC Heap History (0 events):
No events

Deoptimization events (0 events):
No events

Internal exceptions (0 events):
No events

Events (10 events):
Event: 0.086 loading class java/lang/Short
Event: 0.086 loading class java/lang/Short done
Event: 0.086 loading class java/lang/Integer
Event: 0.087 loading class java/lang/Integer done
Event: 0.087 loading class java/lang/Long
Event: 0.087 loading class java/lang/Long done
Event: 0.090 loading class java/lang/NullPointerException
Event: 0.090 loading class java/lang/NullPointerException done
Event: 0.090 loading class java/lang/ArithmeticException
Event: 0.090 loading class java/lang/ArithmeticException done


Dynamic libraries:
0x00007ff6c4060000 - 0x00007ff6c4097000 	C:\Program Files\Java\jdk1.8.0_65\bin\java.exe
0x00007ffa72990000 - 0x00007ffa72b3d000 	C:\windows\SYSTEM32\ntdll.dll
0x00007ffa710f0000 - 0x00007ffa7122e000 	C:\windows\system32\KERNEL32.DLL
0x00007ffa6fbb0000 - 0x00007ffa6fcc5000 	C:\windows\system32\KERNELBASE.dll
0x00007ffa6e680000 - 0x00007ffa6e70e000 	C:\windows\system32\apphelp.dll
0x00007ffa59940000 - 0x00007ffa59993000 	C:\windows\AppPatch\AppPatch64\AcGenral.DLL
0x00007ffa709d0000 - 0x00007ffa70a7a000 	C:\windows\system32\msvcrt.dll
0x00007ffa6f910000 - 0x00007ffa6f93e000 	C:\windows\SYSTEM32\SspiCli.dll
0x00007ffa70010000 - 0x00007ffa70064000 	C:\windows\system32\SHLWAPI.dll
0x00007ffa70db0000 - 0x00007ffa70f27000 	C:\windows\system32\USER32.dll
0x00007ffa70c00000 - 0x00007ffa70d94000 	C:\windows\system32\ole32.dll
0x00007ffa71240000 - 0x00007ffa7276a000 	C:\windows\system32\SHELL32.dll
0x00007ffa6f080000 - 0x00007ffa6f0a1000 	C:\windows\SYSTEM32\USERENV.dll
0x00007ffa70f30000 - 0x00007ffa70fda000 	C:\windows\system32\ADVAPI32.dll
0x00007ffa660d0000 - 0x00007ffa660ee000 	C:\windows\SYSTEM32\MPR.dll
0x00007ffa70a80000 - 0x00007ffa70bc1000 	C:\windows\system32\RPCRT4.dll
0x00007ffa72930000 - 0x00007ffa72989000 	C:\windows\SYSTEM32\sechost.dll
0x00007ffa70070000 - 0x00007ffa70281000 	C:\windows\SYSTEM32\combase.dll
0x00007ffa703d0000 - 0x00007ffa70520000 	C:\windows\system32\GDI32.dll
0x00007ffa6fae0000 - 0x00007ffa6faf5000 	C:\windows\SYSTEM32\profapi.dll
0x00007ffa6e050000 - 0x00007ffa6e102000 	C:\windows\SYSTEM32\SHCORE.dll
0x00007ffa70ff0000 - 0x00007ffa71026000 	C:\windows\system32\IMM32.DLL
0x00007ffa72770000 - 0x00007ffa728c2000 	C:\windows\system32\MSCTF.dll
0x00007ffa6d720000 - 0x00007ffa6d99b000 	C:\windows\WinSxS\amd64_microsoft.windows.common-controls_6595b64144ccf1df_6.0.9600.18006_none_623f33d3ecbe86e8\COMCTL32.dll
0x0000000076d00000 - 0x0000000076dd2000 	C:\Program Files\Java\jdk1.8.0_65\jre\bin\msvcr100.dll
0x0000000074bc0000 - 0x0000000075449000 	C:\Program Files\Java\jdk1.8.0_65\jre\bin\server\jvm.dll
0x00007ffa5f8d0000 - 0x00007ffa5f8d9000 	C:\windows\SYSTEM32\WSOCK32.dll
0x00007ffa65cd0000 - 0x00007ffa65cf2000 	C:\windows\SYSTEM32\WINMM.dll
0x00007ffa6d6b0000 - 0x00007ffa6d6ba000 	C:\windows\SYSTEM32\VERSION.dll
0x00007ffa70da0000 - 0x00007ffa70da7000 	C:\windows\system32\PSAPI.DLL
0x00007ffa728d0000 - 0x00007ffa7292a000 	C:\windows\system32\WS2_32.dll
0x00007ffa65ca0000 - 0x00007ffa65cca000 	C:\windows\SYSTEM32\WINMMBASE.dll
0x00007ffa70fe0000 - 0x00007ffa70fe9000 	C:\windows\system32\NSI.dll
0x00007ffa6fcd0000 - 0x00007ffa6fd1f000 	C:\windows\SYSTEM32\cfgmgr32.dll
0x00007ffa6e8e0000 - 0x00007ffa6e908000 	C:\windows\SYSTEM32\DEVOBJ.dll
0x0000000076cf0000 - 0x0000000076cff000 	C:\Program Files\Java\jdk1.8.0_65\jre\bin\verify.dll
0x0000000076cc0000 - 0x0000000076ce9000 	C:\Program Files\Java\jdk1.8.0_65\jre\bin\java.dll
0x0000000076ca0000 - 0x0000000076cb6000 	C:\Program Files\Java\jdk1.8.0_65\jre\bin\zip.dll

VM Arguments:
jvm_args: -Xmx1024M -Dfile.encoding=windows-1252 -Duser.country=US -Duser.language=en -Duser.variant 
java_command: com.android.dx.command.Main --dex --num-threads=4 --output C:\Users\Rheanna\AndroidStudioProjects\DiabetesApp\app\build\intermediates\dex\debug C:\Users\Rheanna\AndroidStudioProjects\DiabetesApp\app\build\intermediates\classes\debug C:\Users\Rheanna\AndroidStudioProjects\DiabetesApp\app\build\intermediates\pre-dexed\debug\support-annotations-23.1.1-05366a73322f24e8abf9964220c71253d915ad0a.jar C:\Users\Rheanna\AndroidStudioProjects\DiabetesApp\app\build\intermediates\pre-dexed\debug\scribejava-apis-2.2.2-130c2ef517f95e0cd6414d3cb4a518357cbed39d.jar C:\Users\Rheanna\AndroidStudioProjects\DiabetesApp\app\build\intermediates\pre-dexed\debug\scribe-1.3.0-ddbdde288eb6e8524f4105cb30a1c70be4950c20.jar C:\Users\Rheanna\AndroidStudioProjects\DiabetesApp\app\build\intermediates\pre-dexed\debug\classes-de1561c269ee84794066aa0c71c0f4f2823c3fdf.jar C:\Users\Rheanna\AndroidStudioProjects\DiabetesApp\app\build\intermediates\pre-dexed\debug\classes-4b55b0bb49d1807aae2cab0226c7e74c35dccd9d.jar C:\Users\Rheanna\AndroidStudioProjects\DiabetesApp\app\build\intermediates\pre-dexed\debug\classes-1cc9247da6906151131a4e910752106fc5aedef6.jar C:\Users\Rheanna\AndroidStudioProjects\DiabetesApp\app\build\intermediates\pre-dexed\debug\internal_impl-23.1.1-8dd89f595878858ac64556aea45e76d3fafd9525.jar C:\Users\Rheanna\AndroidStudioProjects\DiabetesApp\app\build\intermediates\pre-dexed\debug\classes-11334ecfe465a15e51e57f7f94eb6bf9776d7e0b.jar C:\Users\Rheanna\AndroidStudioProjects\DiabetesApp\app\build\intermediates\pre-dexed\debug\classes-481d3ef4445e7be0783c07b72b2e68af5be7ba3b.jar C:\Users\Rheanna\AndroidStudioProjects\DiabetesApp\app\build\intermediates\pre-dexed\debug\MPAndroidChart-v2.2.3-344201053d72cb313e3fafe4a3b1f673b7d8c57d.jar C:\Users\Rheanna\AndroidStudioProjects\DiabetesApp\app\build\intermediates\pre-dexed\debug\classes-68d45fc2037fe76f51c33a50cb985bb86ea0944f.jar C:\Users\Rheanna\AndroidStudioProjects\DiabetesApp\app\build\intermediates\pre-dexed\debug\classes-9e0
java_class_path (initial): C:\Users\Rheanna\AppData\Local\Android\sdk\build-tools\23.0.2\lib\dx.jar
Launcher Type: SUN_STANDARD

Environment Variables:
JAVA_HOME=C:\Program Files\Java\jdk1.8.0_71
PATH=C:\ProgramData\Oracle\Java\javapath;C:\Program Files (x86)\Lenovo\FusionEngine;C:\windows\system32;C:\windows;C:\windows\System32\Wbem;C:\windows\System32\WindowsPowerShell\v1.0\;C:\Program Files (x86)\ATI Technologies\ATI.ACE\Core-Static;C:\Program Files (x86)\Common Files\lenovo\easyplussdk\bin;C:\Program Files (x86)\MySQL\MySQL Fabric 1.5 & MySQL Utilities 1.5\;C:\Program Files (x86)\MySQL\MySQL Fabric 1.5 & MySQL Utilities 1.5\Doctrine extensions for PHP\;C:\windows\system32\config\systemprofile\.dnx\bin;C:\Program Files\Microsoft DNX\Dnvm\;C:\Program Files (x86)\Windows Kits\10\Windows Performance Toolkit\;C:\Program Files\Microsoft SQL Server\120\Tools\Binn\
USERNAME=Rheanna
OS=Windows_NT
PROCESSOR_IDENTIFIER=AMD64 Family 22 Model 48 Stepping 1, AuthenticAMD



---------------  S Y S T E M  ---------------

OS: Windows 8.1 , 64 bit Build 9600 (6.3.9600.17415)

CPU:total 4 (4 cores per cpu, 1 threads per core) family 22 model 48 stepping 1, cmov, cx8, fxsr, mmx, sse, sse2, sse3, ssse3, sse4.1, sse4.2, popcnt, avx, aes, clmul, mmxext, 3dnowpref, lzcnt, sse4a, tsc, tscinvbit, tscinv, bmi1

Memory: 4k page, physical 5202188k(649624k free), swap 20930828k(6600k free)

vm_info: Java HotSpot(TM) 64-Bit Server VM (25.65-b01) for windows-amd64 JRE (1.8.0_65-b17), built on Oct  6 2015 16:39:20 by "java_re" with MS VC++ 10.0 (VS2010)

time: Thu Mar 03 19:36:24 2016
elapsed time: 0 seconds (0d 0h 0m 0s)

